


ARM Macro Assembler    Page 1 


    1 00000000         ;/******************************************************
                       ***********************
    2 00000000         ; * @file:    startup_LPC54114_cm0plus.s
    3 00000000         ; * @purpose: CMSIS Cortex-M0 Core Device Startup File f
                       or the
    4 00000000         ; *           LPC54114_cm0plus
    5 00000000         ; * @version: 1.0
    6 00000000         ; * @date:    2016-4-29
    7 00000000         ; *
    8 00000000         ; * Copyright 1997 - 2016 Freescale Semiconductor, Inc.
    9 00000000         ; * Copyright 2016 - 2017 NXP
   10 00000000         ; *
   11 00000000         ; * Redistribution and use in source and binary forms, w
                       ith or without modification,
   12 00000000         ; * are permitted provided that the following conditions
                        are met:
   13 00000000         ; *
   14 00000000         ; * o Redistributions of source code must retain the abo
                       ve copyright notice, this list
   15 00000000         ; *   of conditions and the following disclaimer.
   16 00000000         ; *
   17 00000000         ; * o Redistributions in binary form must reproduce the 
                       above copyright notice, this
   18 00000000         ; *   list of conditions and the following disclaimer in
                        the documentation and/or
   19 00000000         ; *   other materials provided with the distribution.
   20 00000000         ; *
   21 00000000         ; * o Neither the name of the copyright holder nor the n
                       ames of its
   22 00000000         ; *   contributors may be used to endorse or promote pro
                       ducts derived from this
   23 00000000         ; *   software without specific prior written permission
                       .
   24 00000000         ; *
   25 00000000         ; * THIS SOFTWARE IS PROVIDED BY THE COPYRIGHT HOLDERS A
                       ND CONTRIBUTORS "AS IS" AND
   26 00000000         ; * ANY EXPRESS OR IMPLIED WARRANTIES, INCLUDING, BUT NO
                       T LIMITED TO, THE IMPLIED
   27 00000000         ; * WARRANTIES OF MERCHANTABILITY AND FITNESS FOR A PART
                       ICULAR PURPOSE ARE
   28 00000000         ; * DISCLAIMED. IN NO EVENT SHALL THE COPYRIGHT HOLDER O
                       R CONTRIBUTORS BE LIABLE FOR
   29 00000000         ; * ANY DIRECT, INDIRECT, INCIDENTAL, SPECIAL, EXEMPLARY
                       , OR CONSEQUENTIAL DAMAGES
   30 00000000         ; * (INCLUDING, BUT NOT LIMITED TO, PROCUREMENT OF SUBST
                       ITUTE GOODS OR SERVICES;
   31 00000000         ; * LOSS OF USE, DATA, OR PROFITS; OR BUSINESS INTERRUPT
                       ION) HOWEVER CAUSED AND ON
   32 00000000         ; * ANY THEORY OF LIABILITY, WHETHER IN CONTRACT, STRICT
                        LIABILITY, OR TORT
   33 00000000         ; * (INCLUDING NEGLIGENCE OR OTHERWISE) ARISING IN ANY W
                       AY OUT OF THE USE OF THIS
   34 00000000         ; * SOFTWARE, EVEN IF ADVISED OF THE POSSIBILITY OF SUCH
                        DAMAGE.
   35 00000000         ; *
   36 00000000         ; *------- <<< Use Configuration Wizard in Context Menu 
                       >>> ------------------
   37 00000000         ; *
   38 00000000         ; ******************************************************



ARM Macro Assembler    Page 2 


                       ***********************/
   39 00000000         
   40 00000000         
   41 00000000                 PRESERVE8
   42 00000000                 THUMB
   43 00000000         
   44 00000000         ; Vector Table Mapped to Address 0 at Reset
   45 00000000                 AREA             RESET, DATA, READONLY
   46 00000000                 EXPORT           __Vectors
   47 00000000                 IMPORT           |Image$$ARM_LIB_STACK$$ZI$$Limi
t|
   48 00000000         
   49 00000000 00000000 
                       __Vectors
                               DCD              |Image$$ARM_LIB_STACK$$ZI$$Limi
t| 
                                                            ; Top of Stack
   50 00000004 00000000        DCD              Reset_Handler ; Reset Handler
   51 00000008         
   52 00000008 00000000        DCD              NMI_Handler
   53 0000000C 00000000        DCD              HardFault_Handler
   54 00000010 00000000        DCD              0
   55 00000014 00000000        DCD              0
   56 00000018 00000000        DCD              0
   57 0000001C         __vector_table_0x1c
   58 0000001C 00000000        DCD              0           ; Checksum of the f
                                                            irst 7 words
   59 00000020 00000000        DCD              0
   60 00000024 00000000        DCD              0           ; Enhanced image ma
                                                            rker, set to 0x0 fo
                                                            r legacy boot
   61 00000028 00000000        DCD              0           ; Pointer to enhanc
                                                            ed boot block, set 
                                                            to 0x0 for legacy b
                                                            oot
   62 0000002C 00000000        DCD              SVC_Handler
   63 00000030 00000000        DCD              0
   64 00000034 00000000        DCD              0
   65 00000038 00000000        DCD              PendSV_Handler
   66 0000003C 00000000        DCD              SysTick_Handler
   67 00000040         
   68 00000040         ; External Interrupts
   69 00000040 00000000        DCD              WDT_BOD_IRQHandler ; Windowed w
                                                            atchdog timer, Brow
                                                            nout detect
   70 00000044 00000000        DCD              DMA0_IRQHandler 
                                                            ; DMA controller
   71 00000048 00000000        DCD              GINT0_IRQHandler ; GPIO group 0
                                                            
   72 0000004C 00000000        DCD              GINT1_IRQHandler ; GPIO group 1
                                                            
   73 00000050 00000000        DCD              PIN_INT0_IRQHandler ; Pin inter
                                                            rupt 0 or pattern m
                                                            atch engine slice 0
                                                            
   74 00000054 00000000        DCD              PIN_INT1_IRQHandler ; Pin inter
                                                            rupt 1or pattern ma
                                                            tch engine slice 1
   75 00000058 00000000        DCD              PIN_INT2_IRQHandler ; Pin inter



ARM Macro Assembler    Page 3 


                                                            rupt 2 or pattern m
                                                            atch engine slice 2
                                                            
   76 0000005C 00000000        DCD              PIN_INT3_IRQHandler ; Pin inter
                                                            rupt 3 or pattern m
                                                            atch engine slice 3
                                                            
   77 00000060 00000000        DCD              UTICK0_IRQHandler 
                                                            ; Micro-tick Timer
   78 00000064 00000000        DCD              MRT0_IRQHandler 
                                                            ; Multi-rate timer
   79 00000068 00000000        DCD              CTIMER0_IRQHandler ; Standard c
                                                            ounter/timer CTIMER
                                                            0
   80 0000006C 00000000        DCD              CTIMER1_IRQHandler ; Standard c
                                                            ounter/timer CTIMER
                                                            1
   81 00000070 00000000        DCD              SCT0_IRQHandler ; SCTimer/PWM
   82 00000074 00000000        DCD              CTIMER3_IRQHandler ; Standard c
                                                            ounter/timer CTIMER
                                                            3
   83 00000078 00000000        DCD              FLEXCOMM0_IRQHandler ; Flexcomm
                                                             Interface 0 (USART
                                                            , SPI, I2C)
   84 0000007C 00000000        DCD              FLEXCOMM1_IRQHandler ; Flexcomm
                                                             Interface 1 (USART
                                                            , SPI, I2C)
   85 00000080 00000000        DCD              FLEXCOMM2_IRQHandler ; Flexcomm
                                                             Interface 2 (USART
                                                            , SPI, I2C)
   86 00000084 00000000        DCD              FLEXCOMM3_IRQHandler ; Flexcomm
                                                             Interface 3 (USART
                                                            , SPI, I2C)
   87 00000088 00000000        DCD              FLEXCOMM4_IRQHandler ; Flexcomm
                                                             Interface 4 (USART
                                                            , SPI, I2C)
   88 0000008C 00000000        DCD              FLEXCOMM5_IRQHandler ; Flexcomm
                                                             Interface 5 (USART
                                                            , SPI, I2C)
   89 00000090 00000000        DCD              FLEXCOMM6_IRQHandler ; Flexcomm
                                                             Interface 6 (USART
                                                            , SPI, I2C, I2S)
   90 00000094 00000000        DCD              FLEXCOMM7_IRQHandler ; Flexcomm
                                                             Interface 7 (USART
                                                            , SPI, I2C, I2S)
   91 00000098 00000000        DCD              ADC0_SEQA_IRQHandler ; ADC0 seq
                                                            uence A completion.
                                                            
   92 0000009C 00000000        DCD              ADC0_SEQB_IRQHandler ; ADC0 seq
                                                            uence B completion.
                                                            
   93 000000A0 00000000        DCD              ADC0_THCMP_IRQHandler ; ADC0 th
                                                            reshold compare and
                                                             error.
   94 000000A4 00000000        DCD              DMIC0_IRQHandler ; Digital micr
                                                            ophone and DMIC sub
                                                            system
   95 000000A8 00000000        DCD              HWVAD0_IRQHandler ; Hardware Vo
                                                            ice Activity Detect



ARM Macro Assembler    Page 4 


                                                            or
   96 000000AC 00000000        DCD              USB0_NEEDCLK_IRQHandler ; USB A
                                                            ctivity Wake-up Int
                                                            errupt
   97 000000B0 00000000        DCD              USB0_IRQHandler ; USB device
   98 000000B4 00000000        DCD              RTC_IRQHandler ; RTC alarm and 
                                                            wake-up interrupts
   99 000000B8 00000000        DCD              IOH_IRQHandler ; IOH
  100 000000BC 00000000        DCD              MAILBOX_IRQHandler ; Mailbox in
                                                            terrupt (present on
                                                             selected devices)
  101 000000C0         
  102 000000C0         ;     <h> Code Read Protection level (CRP)
  103 000000C0         ;       <o>    CRP_Level:
  104 000000C0         ;                       <0xFFFFFFFF=> Disabled
  105 000000C0         ;                       <0x4E697370=> NO_ISP
  106 000000C0         ;                       <0x12345678=> CRP1
  107 000000C0         ;                       <0x87654321=> CRP2
  108 000000C0         ;                       <0x43218765=> CRP3 (Are you sure
                       ?)
  109 000000C0         ;     </h>
  110 000000C0 FFFFFFFF 
                       CRP_Level
                               EQU              0xFFFFFFFF
  111 000000C0         
  112 000000C0                 IF               :LNOT::DEF:NO_CRP
  115                          ENDIF
  116 000000C0         
  117 000000C0                 AREA             |.text|, CODE, READONLY
  118 00000000         
  119 00000000 E000ED00 
                       cpu_id  EQU              0xE000ED00
  120 00000000 40000800 
                       cpu_ctrl
                               EQU              0x40000800
  121 00000000 40000804 
                       coproc_boot
                               EQU              0x40000804
  122 00000000 40000808 
                       coproc_stack
                               EQU              0x40000808
  123 00000000         
  124 00000000         rel_vals
  125 00000000 E000ED00 
              40000800 
              40000804 
              40000808         DCD              cpu_id, cpu_ctrl, coproc_boot, 
coproc_stack
  126 00000010 FF 0F 24 
              0C               DCW              0xFFF, 0xC24
  127 00000014         
  128 00000014         ; Reset Handler - shared for both cores
  129 00000014         Reset_Handler
                               PROC
  130 00000014                 EXPORT           Reset_Handler               [WE
AK]
  131 00000014                 IMPORT           SystemInit
  132 00000014                 IMPORT           __main
  133 00000014         



ARM Macro Assembler    Page 5 


  134 00000014                 IF               :LNOT::DEF:SLAVEBOOT
  190                          ENDIF
  191 00000014         
  192 00000014         ; Normal boot for master/slave
  193 00000014         normal_boot
  194 00000014 4824            LDR              r0, =SystemInit
  195 00000016 4780            BLX              r0
  196 00000018 4824            LDR              r0, =__main
  197 0000001A 4700            BX               r0
  198 0000001C                 ENDP
  199 0000001C         
  200 0000001C         ; Dummy Exception Handlers (infinite loops which can be 
                       modified)
  201 0000001C         NMI_Handler
                               PROC
  202 0000001C                 EXPORT           NMI_Handler               [WEAK
]
  203 0000001C E7FE            B                .
  204 0000001E                 ENDP
  205 0000001E         
  207 0000001E         HardFault_Handler
                               PROC
  208 0000001E                 EXPORT           HardFault_Handler         [WEAK
]
  209 0000001E E7FE            B                .
  210 00000020                 ENDP
  211 00000020         
  212 00000020         SVC_Handler
                               PROC
  213 00000020                 EXPORT           SVC_Handler               [WEAK
]
  214 00000020 E7FE            B                .
  215 00000022                 ENDP
  216 00000022         
  217 00000022         PendSV_Handler
                               PROC
  218 00000022                 EXPORT           PendSV_Handler            [WEAK
]
  219 00000022 E7FE            B                .
  220 00000024                 ENDP
  221 00000024         
  222 00000024         SysTick_Handler
                               PROC
  223 00000024                 EXPORT           SysTick_Handler           [WEAK
]
  224 00000024 E7FE            B                .
  225 00000026                 ENDP
  226 00000026         
  228 00000026         WDT_BOD_IRQHandler
                               PROC
  229 00000026                 EXPORT           WDT_BOD_IRQHandler        [WEAK
]
  230 00000026 4822            LDR              R0, =WDT_BOD_DriverIRQHandler
  231 00000028 4700            BX               R0
  232 0000002A                 ENDP
  233 0000002A         
  235 0000002A         DMA0_IRQHandler
                               PROC
  236 0000002A                 EXPORT           DMA0_IRQHandler        [WEAK]



ARM Macro Assembler    Page 6 


  237 0000002A 4822            LDR              R0, =DMA0_DriverIRQHandler
  238 0000002C 4700            BX               R0
  239 0000002E                 ENDP
  240 0000002E         
  242 0000002E         GINT0_IRQHandler
                               PROC
  243 0000002E                 EXPORT           GINT0_IRQHandler        [WEAK]
  244 0000002E 4822            LDR              R0, =GINT0_DriverIRQHandler
  245 00000030 4700            BX               R0
  246 00000032                 ENDP
  247 00000032         
  249 00000032         GINT1_IRQHandler
                               PROC
  250 00000032                 EXPORT           GINT1_IRQHandler        [WEAK]
  251 00000032 4822            LDR              R0, =GINT1_DriverIRQHandler
  252 00000034 4700            BX               R0
  253 00000036                 ENDP
  254 00000036         
  256 00000036         PIN_INT0_IRQHandler
                               PROC
  257 00000036                 EXPORT           PIN_INT0_IRQHandler        [WEA
K]
  258 00000036 4822            LDR              R0, =PIN_INT0_DriverIRQHandler
  259 00000038 4700            BX               R0
  260 0000003A                 ENDP
  261 0000003A         
  263 0000003A         PIN_INT1_IRQHandler
                               PROC
  264 0000003A                 EXPORT           PIN_INT1_IRQHandler        [WEA
K]
  265 0000003A 4822            LDR              R0, =PIN_INT1_DriverIRQHandler
  266 0000003C 4700            BX               R0
  267 0000003E                 ENDP
  268 0000003E         
  270 0000003E         PIN_INT2_IRQHandler
                               PROC
  271 0000003E                 EXPORT           PIN_INT2_IRQHandler        [WEA
K]
  272 0000003E 4822            LDR              R0, =PIN_INT2_DriverIRQHandler
  273 00000040 4700            BX               R0
  274 00000042                 ENDP
  275 00000042         
  277 00000042         PIN_INT3_IRQHandler
                               PROC
  278 00000042                 EXPORT           PIN_INT3_IRQHandler        [WEA
K]
  279 00000042 4822            LDR              R0, =PIN_INT3_DriverIRQHandler
  280 00000044 4700            BX               R0
  281 00000046                 ENDP
  282 00000046         
  284 00000046         UTICK0_IRQHandler
                               PROC
  285 00000046                 EXPORT           UTICK0_IRQHandler        [WEAK]
  286 00000046 4822            LDR              R0, =UTICK0_DriverIRQHandler
  287 00000048 4700            BX               R0
  288 0000004A                 ENDP
  289 0000004A         
  291 0000004A         MRT0_IRQHandler
                               PROC



ARM Macro Assembler    Page 7 


  292 0000004A                 EXPORT           MRT0_IRQHandler        [WEAK]
  293 0000004A 4822            LDR              R0, =MRT0_DriverIRQHandler
  294 0000004C 4700            BX               R0
  295 0000004E                 ENDP
  296 0000004E         
  298 0000004E         CTIMER0_IRQHandler
                               PROC
  299 0000004E                 EXPORT           CTIMER0_IRQHandler        [WEAK
]
  300 0000004E 4822            LDR              R0, =CTIMER0_DriverIRQHandler
  301 00000050 4700            BX               R0
  302 00000052                 ENDP
  303 00000052         
  305 00000052         CTIMER1_IRQHandler
                               PROC
  306 00000052                 EXPORT           CTIMER1_IRQHandler        [WEAK
]
  307 00000052 4822            LDR              R0, =CTIMER1_DriverIRQHandler
  308 00000054 4700            BX               R0
  309 00000056                 ENDP
  310 00000056         
  312 00000056         SCT0_IRQHandler
                               PROC
  313 00000056                 EXPORT           SCT0_IRQHandler        [WEAK]
  314 00000056 4822            LDR              R0, =SCT0_DriverIRQHandler
  315 00000058 4700            BX               R0
  316 0000005A                 ENDP
  317 0000005A         
  319 0000005A         CTIMER3_IRQHandler
                               PROC
  320 0000005A                 EXPORT           CTIMER3_IRQHandler        [WEAK
]
  321 0000005A 4822            LDR              R0, =CTIMER3_DriverIRQHandler
  322 0000005C 4700            BX               R0
  323 0000005E                 ENDP
  324 0000005E         
  326 0000005E         FLEXCOMM0_IRQHandler
                               PROC
  327 0000005E                 EXPORT           FLEXCOMM0_IRQHandler        [WE
AK]
  328 0000005E 4822            LDR              R0, =FLEXCOMM0_DriverIRQHandler
  329 00000060 4700            BX               R0
  330 00000062                 ENDP
  331 00000062         
  333 00000062         FLEXCOMM1_IRQHandler
                               PROC
  334 00000062                 EXPORT           FLEXCOMM1_IRQHandler        [WE
AK]
  335 00000062 4822            LDR              R0, =FLEXCOMM1_DriverIRQHandler
  336 00000064 4700            BX               R0
  337 00000066                 ENDP
  338 00000066         
  340 00000066         FLEXCOMM2_IRQHandler
                               PROC
  341 00000066                 EXPORT           FLEXCOMM2_IRQHandler        [WE
AK]
  342 00000066 4822            LDR              R0, =FLEXCOMM2_DriverIRQHandler
  343 00000068 4700            BX               R0
  344 0000006A                 ENDP



ARM Macro Assembler    Page 8 


  345 0000006A         
  347 0000006A         FLEXCOMM3_IRQHandler
                               PROC
  348 0000006A                 EXPORT           FLEXCOMM3_IRQHandler        [WE
AK]
  349 0000006A 4822            LDR              R0, =FLEXCOMM3_DriverIRQHandler
  350 0000006C 4700            BX               R0
  351 0000006E                 ENDP
  352 0000006E         
  354 0000006E         FLEXCOMM4_IRQHandler
                               PROC
  355 0000006E                 EXPORT           FLEXCOMM4_IRQHandler        [WE
AK]
  356 0000006E 4822            LDR              R0, =FLEXCOMM4_DriverIRQHandler
  357 00000070 4700            BX               R0
  358 00000072                 ENDP
  359 00000072         
  361 00000072         FLEXCOMM5_IRQHandler
                               PROC
  362 00000072                 EXPORT           FLEXCOMM5_IRQHandler        [WE
AK]
  363 00000072 4822            LDR              R0, =FLEXCOMM5_DriverIRQHandler
  364 00000074 4700            BX               R0
  365 00000076                 ENDP
  366 00000076         
  368 00000076         FLEXCOMM6_IRQHandler
                               PROC
  369 00000076                 EXPORT           FLEXCOMM6_IRQHandler        [WE
AK]
  370 00000076 4822            LDR              R0, =FLEXCOMM6_DriverIRQHandler
  371 00000078 4700            BX               R0
  372 0000007A                 ENDP
  373 0000007A         
  375 0000007A         FLEXCOMM7_IRQHandler
                               PROC
  376 0000007A                 EXPORT           FLEXCOMM7_IRQHandler        [WE
AK]
  377 0000007A 4822            LDR              R0, =FLEXCOMM7_DriverIRQHandler
  378 0000007C 4700            BX               R0
  379 0000007E                 ENDP
  380 0000007E         
  382 0000007E         ADC0_SEQA_IRQHandler
                               PROC
  383 0000007E                 EXPORT           ADC0_SEQA_IRQHandler        [WE
AK]
  384 0000007E 4822            LDR              R0, =ADC0_SEQA_DriverIRQHandler
  385 00000080 4700            BX               R0
  386 00000082                 ENDP
  387 00000082         
  389 00000082         ADC0_SEQB_IRQHandler
                               PROC
  390 00000082                 EXPORT           ADC0_SEQB_IRQHandler        [WE
AK]
  391 00000082 4822            LDR              R0, =ADC0_SEQB_DriverIRQHandler
  392 00000084 4700            BX               R0
  393 00000086                 ENDP
  394 00000086         
  396 00000086         ADC0_THCMP_IRQHandler
                               PROC



ARM Macro Assembler    Page 9 


  397 00000086                 EXPORT           ADC0_THCMP_IRQHandler        [W
EAK]
  398 00000086 4822            LDR              R0, =ADC0_THCMP_DriverIRQHandle
r
  399 00000088 4700            BX               R0
  400 0000008A                 ENDP
  401 0000008A         
  403 0000008A         DMIC0_IRQHandler
                               PROC
  404 0000008A                 EXPORT           DMIC0_IRQHandler        [WEAK]
  405 0000008A 4822            LDR              R0, =DMIC0_DriverIRQHandler
  406 0000008C 4700            BX               R0
  407 0000008E                 ENDP
  408 0000008E         
  410 0000008E         HWVAD0_IRQHandler
                               PROC
  411 0000008E                 EXPORT           HWVAD0_IRQHandler        [WEAK]
  412 0000008E 4822            LDR              R0, =HWVAD0_DriverIRQHandler
  413 00000090 4700            BX               R0
  414 00000092                 ENDP
  415 00000092         
  417 00000092         USB0_NEEDCLK_IRQHandler
                               PROC
  418 00000092                 EXPORT           USB0_NEEDCLK_IRQHandler        
[WEAK]
  419 00000092 4822            LDR              R0, =USB0_NEEDCLK_DriverIRQHand
ler
  420 00000094 4700            BX               R0
  421 00000096                 ENDP
  422 00000096         
  424 00000096         USB0_IRQHandler
                               PROC
  425 00000096                 EXPORT           USB0_IRQHandler        [WEAK]
  426 00000096 4822            LDR              R0, =USB0_DriverIRQHandler
  427 00000098 4700            BX               R0
  428 0000009A                 ENDP
  429 0000009A         
  431 0000009A         RTC_IRQHandler
                               PROC
  432 0000009A                 EXPORT           RTC_IRQHandler        [WEAK]
  433 0000009A 4822            LDR              R0, =RTC_DriverIRQHandler
  434 0000009C 4700            BX               R0
  435 0000009E                 ENDP
  436 0000009E         
  438 0000009E         IOH_IRQHandler
                               PROC
  439 0000009E                 EXPORT           IOH_IRQHandler        [WEAK]
  440 0000009E 4822            LDR              R0, =IOH_DriverIRQHandler
  441 000000A0 4700            BX               R0
  442 000000A2                 ENDP
  443 000000A2         
  445 000000A2         MAILBOX_IRQHandler
                               PROC
  446 000000A2                 EXPORT           MAILBOX_IRQHandler        [WEAK
]
  447 000000A2 4822            LDR              R0, =MAILBOX_DriverIRQHandler
  448 000000A4 4700            BX               R0
  449 000000A6                 ENDP
  450 000000A6         



ARM Macro Assembler    Page 10 


  451 000000A6         Default_Handler
                               PROC
  452 000000A6                 EXPORT           WDT_BOD_DriverIRQHandler       
 [WEAK]
  453 000000A6                 EXPORT           DMA0_DriverIRQHandler        [W
EAK]
  454 000000A6                 EXPORT           GINT0_DriverIRQHandler        [
WEAK]
  455 000000A6                 EXPORT           GINT1_DriverIRQHandler        [
WEAK]
  456 000000A6                 EXPORT           PIN_INT0_DriverIRQHandler      
  [WEAK]
  457 000000A6                 EXPORT           PIN_INT1_DriverIRQHandler      
  [WEAK]
  458 000000A6                 EXPORT           PIN_INT2_DriverIRQHandler      
  [WEAK]
  459 000000A6                 EXPORT           PIN_INT3_DriverIRQHandler      
  [WEAK]
  460 000000A6                 EXPORT           UTICK0_DriverIRQHandler        
[WEAK]
  461 000000A6                 EXPORT           MRT0_DriverIRQHandler        [W
EAK]
  462 000000A6                 EXPORT           CTIMER0_DriverIRQHandler       
 [WEAK]
  463 000000A6                 EXPORT           CTIMER1_DriverIRQHandler       
 [WEAK]
  464 000000A6                 EXPORT           SCT0_DriverIRQHandler        [W
EAK]
  465 000000A6                 EXPORT           CTIMER3_DriverIRQHandler       
 [WEAK]
  466 000000A6                 EXPORT           FLEXCOMM0_DriverIRQHandler     
   [WEAK]
  467 000000A6                 EXPORT           FLEXCOMM1_DriverIRQHandler     
   [WEAK]
  468 000000A6                 EXPORT           FLEXCOMM2_DriverIRQHandler     
   [WEAK]
  469 000000A6                 EXPORT           FLEXCOMM3_DriverIRQHandler     
   [WEAK]
  470 000000A6                 EXPORT           FLEXCOMM4_DriverIRQHandler     
   [WEAK]
  471 000000A6                 EXPORT           FLEXCOMM5_DriverIRQHandler     
   [WEAK]
  472 000000A6                 EXPORT           FLEXCOMM6_DriverIRQHandler     
   [WEAK]
  473 000000A6                 EXPORT           FLEXCOMM7_DriverIRQHandler     
   [WEAK]
  474 000000A6                 EXPORT           ADC0_SEQA_DriverIRQHandler     
   [WEAK]
  475 000000A6                 EXPORT           ADC0_SEQB_DriverIRQHandler     
   [WEAK]
  476 000000A6                 EXPORT           ADC0_THCMP_DriverIRQHandler    
    [WEAK]
  477 000000A6                 EXPORT           DMIC0_DriverIRQHandler        [
WEAK]
  478 000000A6                 EXPORT           HWVAD0_DriverIRQHandler        
[WEAK]
  479 000000A6                 EXPORT           USB0_NEEDCLK_DriverIRQHandler  
      [WEAK]
  480 000000A6                 EXPORT           USB0_DriverIRQHandler        [W



ARM Macro Assembler    Page 11 


EAK]
  481 000000A6                 EXPORT           RTC_DriverIRQHandler        [WE
AK]
  482 000000A6                 EXPORT           IOH_DriverIRQHandler        [WE
AK]
  483 000000A6                 EXPORT           MAILBOX_DriverIRQHandler       
 [WEAK]
  484 000000A6         
  485 000000A6         WDT_BOD_DriverIRQHandler
  486 000000A6         DMA0_DriverIRQHandler
  487 000000A6         GINT0_DriverIRQHandler
  488 000000A6         GINT1_DriverIRQHandler
  489 000000A6         PIN_INT0_DriverIRQHandler
  490 000000A6         PIN_INT1_DriverIRQHandler
  491 000000A6         PIN_INT2_DriverIRQHandler
  492 000000A6         PIN_INT3_DriverIRQHandler
  493 000000A6         UTICK0_DriverIRQHandler
  494 000000A6         MRT0_DriverIRQHandler
  495 000000A6         CTIMER0_DriverIRQHandler
  496 000000A6         CTIMER1_DriverIRQHandler
  497 000000A6         SCT0_DriverIRQHandler
  498 000000A6         CTIMER3_DriverIRQHandler
  499 000000A6         FLEXCOMM0_DriverIRQHandler
  500 000000A6         FLEXCOMM1_DriverIRQHandler
  501 000000A6         FLEXCOMM2_DriverIRQHandler
  502 000000A6         FLEXCOMM3_DriverIRQHandler
  503 000000A6         FLEXCOMM4_DriverIRQHandler
  504 000000A6         FLEXCOMM5_DriverIRQHandler
  505 000000A6         FLEXCOMM6_DriverIRQHandler
  506 000000A6         FLEXCOMM7_DriverIRQHandler
  507 000000A6         ADC0_SEQA_DriverIRQHandler
  508 000000A6         ADC0_SEQB_DriverIRQHandler
  509 000000A6         ADC0_THCMP_DriverIRQHandler
  510 000000A6         DMIC0_DriverIRQHandler
  511 000000A6         HWVAD0_DriverIRQHandler
  512 000000A6         USB0_NEEDCLK_DriverIRQHandler
  513 000000A6         USB0_DriverIRQHandler
  514 000000A6         RTC_DriverIRQHandler
  515 000000A6         IOH_DriverIRQHandler
  516 000000A6         MAILBOX_DriverIRQHandler
  517 000000A6         
  518 000000A6 E7FE            B                .
  519 000000A8         
  520 000000A8                 ENDP
  521 000000A8         
  522 000000A8         
  523 000000A8                 ALIGN
  524 000000A8         
  525 000000A8         
  526 000000A8                 END
              00000000 
              00000000 
              00000000 
              00000000 
              00000000 
              00000000 
              00000000 
              00000000 
              00000000 



ARM Macro Assembler    Page 12 


              00000000 
              00000000 
              00000000 
              00000000 
              00000000 
              00000000 
              00000000 
              00000000 
              00000000 
              00000000 
              00000000 
              00000000 
              00000000 
              00000000 
              00000000 
              00000000 
              00000000 
              00000000 
              00000000 
              00000000 
              00000000 
              00000000 
              00000000 
              00000000 
              00000000 
Command Line: --debug --diag_suppress=9931 --cpu=Cortex-M0+ --apcs=interwork --
depend=debug\startup_lpc54114_cm0plus.d -odebug\startup_lpc54114_cm0plus.o -IC:
\Users\ThinkPad\Documents\LPC54114\P-TK-05-2FC-LPC54114\boards\lpcxpresso54114\
multicore_examples\hello_world_Ë«´®¿ÚÊä³ö_UART0_UART5-2018-06-05\cm0plus\mdk\RT
E\_hello_world_cm0plus_Debug -IC:\Keil_v5\ARM\PACK\Keil\LPC54000_DFP\2.2.0\LPCO
pen\lpc5411x\chip_5411x\inc -IC:\Keil_v5\ARM\CMSIS\Include --predefine="__MICRO
LIB SETA 1" --predefine="__UVISION_VERSION SETA 522" --predefine="CHIP_LPC5411X
 SETA 1" --predefine="CPU_LPC54114J256_M0 SETA 1" --predefine="DEBUG SETA 1" --
predefine="__CC_ARM SETA 1" --predefine="KEIL SETA 1" --predefine="SLAVEBOOT SE
TA 1" --predefine="NO_CRP SETA 1" --list=.\output\startup_lpc54114_cm0plus.lst 
../../../../../../devices/LPC54114/arm/startup_LPC54114_cm0plus.s
