


ARM Macro Assembler    Page 1 


    1 00000000         ;/*
    2 00000000         ; * Copyright (c) 2016, Freescale Semiconductor, Inc.
    3 00000000         ; * All rights reserved.
    4 00000000         ; *
    5 00000000         ; * Redistribution and use in source and binary forms, w
                       ith or without modification,
    6 00000000         ; * are permitted provided that the following conditions
                        are met:
    7 00000000         ; *
    8 00000000         ; * o Redistributions of source code must retain the abo
                       ve copyright notice, this list
    9 00000000         ; *   of conditions and the following disclaimer.
   10 00000000         ; *
   11 00000000         ; * o Redistributions in binary form must reproduce the 
                       above copyright notice, this
   12 00000000         ; *   list of conditions and the following disclaimer in
                        the documentation and/or
   13 00000000         ; *   other materials provided with the distribution.
   14 00000000         ; *
   15 00000000         ; * o Neither the name of Freescale Semiconductor, Inc. 
                       nor the names of its
   16 00000000         ; *   contributors may be used to endorse or promote pro
                       ducts derived from this
   17 00000000         ; *   software without specific prior written permission
                       .
   18 00000000         ; *
   19 00000000         ; * THIS SOFTWARE IS PROVIDED BY THE COPYRIGHT HOLDERS A
                       ND CONTRIBUTORS "AS IS" AND
   20 00000000         ; * ANY EXPRESS OR IMPLIED WARRANTIES, INCLUDING, BUT NO
                       T LIMITED TO, THE IMPLIED
   21 00000000         ; * WARRANTIES OF MERCHANTABILITY AND FITNESS FOR A PART
                       ICULAR PURPOSE ARE
   22 00000000         ; * DISCLAIMED. IN NO EVENT SHALL THE COPYRIGHT HOLDER O
                       R CONTRIBUTORS BE LIABLE FOR
   23 00000000         ; * ANY DIRECT, INDIRECT, INCIDENTAL, SPECIAL, EXEMPLARY
                       , OR CONSEQUENTIAL DAMAGES
   24 00000000         ; * (INCLUDING, BUT NOT LIMITED TO, PROCUREMENT OF SUBST
                       ITUTE GOODS OR SERVICES;
   25 00000000         ; * LOSS OF USE, DATA, OR PROFITS; OR BUSINESS INTERRUPT
                       ION) HOWEVER CAUSED AND ON
   26 00000000         ; * ANY THEORY OF LIABILITY, WHETHER IN CONTRACT, STRICT
                        LIABILITY, OR TORT
   27 00000000         ; * (INCLUDING NEGLIGENCE OR OTHERWISE) ARISING IN ANY W
                       AY OUT OF THE USE OF THIS
   28 00000000         ; * SOFTWARE, EVEN IF ADVISED OF THE POSSIBILITY OF SUCH
                        DAMAGE.
   29 00000000         ; */
   30 00000000         
   31 00000000                 AREA             M0CODE, DATA, READONLY, PREINIT
_ARRAY, ALIGN=3
   32 00000000                 EXPORT           m0_image_start
   33 00000000                 EXPORT           m0_image_end
   34 00000000         m0_image_start
   35 00000000 00 68 02 
              20 E9 00 
              01 20 F1 
              00 01 20 
              F3 00 01 
              20 00 00 



ARM Macro Assembler    Page 2 


              00 00 00 
              00 00 00 
              00 00 00 
              00 00 00 
              00 00 00 
              00 00 00 
              00 00 00 
              00 00 00 
              00 00 F5 
              00 01 20 
              00 00 00 
              00 00 00 
              00 00 F7 
              00 01 20 
              F9 00 01 
              20 FB 00 
              01 20 FF 
              00 01 20 
              03 01 01 
              20 07 01 
              01 20 0B 
              01 01 20 
              0F 01 01 
              20 13 01 
              01 20 17 
              01 01 20 
              1B 01 01 
              20 1F 01 
              01 20 23 
              01 01 20 
              27 01 01 
              20 2B 01 
              01 20 2F 
              01 01 20 
              33 01 01 
              20 37 01 
              01 20 3B 
              01 01 20 
              3F 01 01 
              20 43 01 
              01 20 47 
              01 01 20 
              4B 01 01 
              20 4F 01 
              01 20 53 
              01 01 20 
              57 01 01 
              20 5B 01 
              01 20 5F 
              01 01 20 
              63 01 01 
              20 67 01 
              01 20 6B 
              01 01 20 
              6F 01 01 
              20 73 01 
              01 20 4D 
              14 01 20 
              03 48 85 



ARM Macro Assembler    Page 3 


              46 00 F0 
              04 FB 00 
              48 00 47 
              01 18 01 
              20 00 68 
              02 20 00 
              ED 00 E0 
              00 08 00 
              40 04 08 
              00 40 08 
              08 00 40 
              FF 0F 24 
              0C 24 48 
              80 47 24 
              48 00 47 
              FE E7 FE 
              E7 FE E7 
              FE E7 FE 
              E7 22 48 
              00 47 22 
              48 00 47 
              22 48 00 
              47 22 48 
              00 47 22 
              48 00 47 
              22 48 00 
              47 22 48 
              00 47 22 
              48 00 47 
              22 48 00 
              47 22 48 
              00 47 22 
              48 00 47 
              22 48 00 
              47 22 48 
              00 47 22 
              48 00 47 
              22 48 00 
              47 22 48 
              00 47 22 
              48 00 47 
              22 48 00 
              47 22 48 
              00 47 22 
              48 00 47 
              22 48 00 
              47 22 48 
              00 47 22 
              48 00 47 
              22 48 00 
              47 22 48 
              00 47 22 
              48 00 47 
              22 48 00 
              47 22 48 
              00 47 22 
              48 00 47 
              22 48 00 
              47 22 48 



ARM Macro Assembler    Page 4 


              00 47 22 
              48 00 47 
              FE E7 3D 
              17 01 20 
              C1 00 01 
              20 7B 01 
              01 20 7B 
              01 01 20 
              7B 01 01 
              20 7B 01 
              01 20 7B 
              01 01 20 
              7B 01 01 
              20 7B 01 
              01 20 7B 
              01 01 20 
              7B 01 01 
              20 7B 01 
              01 20 7B 
              01 01 20 
              7B 01 01 
              20 7B 01 
              01 20 7B 
              01 01 20 
              ED 0A 01 
              20 75 0B 
              01 20 FD 
              0B 01 20 
              85 0C 01 
              20 0D 0D 
              01 20 95 
              0D 01 20 
              1D 0E 01 
              20 A5 0E 
              01 20 7B 
              01 01 20 
              7B 01 01 
              20 7B 01 
              01 20 7B 
              01 01 20 
              7B 01 01 
              20 7B 01 
              01 20 7B 
              01 01 20 
              7B 01 01 
              20 7B 01 
              01 20 7B 
              01 01 20 
              30 B5 0B 
              46 01 46 
              00 20 20 
              22 01 24 
              09 E0 0D 
              46 D5 40 
              9D 42 05 
              D3 1D 46 
              95 40 49 
              1B 25 46 
              95 40 40 



ARM Macro Assembler    Page 5 


              19 15 46 
              52 1E 00 
              2D F1 DC 
              30 BD 70 
              B5 00 24 
              25 46 00 
              28 01 DA 
              01 24 40 
              42 00 29 
              01 DA 01 
              25 49 42 
              FF F7 DD 
              FF AC 42 
              00 D0 40 
              42 00 2C 
              00 D0 49 
              42 70 BD 
              42 1C 01 
              78 40 1C 
              00 29 FB 
              D1 80 1A 
              70 47 00 
              00 F0 B5 
              07 46 08 
              46 58 40 
              87 B0 C0 
              0F 04 90 
              48 00 0E 
              46 59 00 
              40 08 49 
              08 BC 1A 
              88 41 05 
              D2 38 46 
              31 46 1E 
              46 17 46 
              0B 46 02 
              46 58 00 
              40 08 10 
              43 4C D0 
              30 0D 03 
              90 40 05 
              59 00 40 
              0D 49 0D 
              05 90 40 
              1A 02 90 
              40 28 72 
              DA 18 03 
              01 21 00 
              0B 09 05 
              08 43 01 
              90 04 98 
              00 92 00 
              28 05 D0 
              01 99 52 
              42 00 20 
              88 41 00 
              92 01 90 
              02 98 40 
              21 0A 1A 



ARM Macro Assembler    Page 6 


              01 99 00 
              98 00 F0 
              65 F9 05 
              46 0C 46 
              6B 46 07 
              CB 00 F0 
              80 F9 C0 
              19 71 41 
              03 9A 0E 
              0D 00 23 
              D7 17 56 
              40 1A 46 
              7A 40 16 
              43 44 D0 
              04 9A 00 
              2A 2D D0 
              02 9A 01 
              2A 03 9A 
              15 DC 12 
              05 C0 1A 
              91 41 01 
              26 36 05 
              00 1C 71 
              41 D2 0F 
              05 9E D2 
              07 00 93 
              01 92 02 
              96 2A 46 
              23 46 00 
              F0 7D F9 
              07 B0 F0 
              BD 38 46 
              31 46 FA 
              E7 16 05 
              22 4A 0F 
              46 B2 18 
              C0 1A B7 
              41 01 21 
              09 05 00 
              1C 4F 41 
              00 18 7F 
              41 11 46 
              18 18 79 
              41 E2 0F 
              10 43 6D 
              19 64 41 
              13 E0 E2 
              07 6D 08 
              15 43 64 
              08 C2 07 
              14 43 03 
              9A 01 26 
              12 05 C0 
              1A 91 41 
              36 05 00 
              1C 71 41 
              CE 07 40 
              08 30 43 
              49 08 C0 



ARM Macro Assembler    Page 7 


              18 51 41 
              2A 46 23 
              46 00 F0 
              3F F9 CD 
              E7 FF E7 
              04 98 01 
              22 40 00 
              C1 17 12 
              1A 00 23 
              8B 41 04 
              98 31 46 
              C4 17 38 
              1A A1 41 
              EE E7 30 
              B4 01 24 
              E4 07 63 
              40 30 BC 
              55 E7 30 
              B4 01 24 
              E4 07 61 
              40 30 BC 
              4F E7 00 
              00 E0 FF 
              F0 B5 1F 
              B4 88 B0 
              0B 99 09 
              98 00 24 
              48 40 09 
              99 C0 0F 
              49 00 49 
              08 09 91 
              C0 07 0B 
              99 00 90 
              49 00 49 
              08 0B 91 
              09 99 08 
              98 A6 46 
              08 43 1C 
              D0 0B 99 
              0A 98 08 
              43 18 D0 
              09 98 01 
              24 40 00 
              42 0D 48 
              00 41 0D 
              09 98 24 
              05 00 03 
              00 0B 20 
              43 09 90 
              0B 98 00 
              03 00 0B 
              20 43 0B 
              90 50 18 
              1C 49 40 
              18 00 22 
              01 90 14 
              46 10 46 
              05 E0 00 
              20 01 46 



ARM Macro Assembler    Page 8 


              0D B0 F0 
              BD 03 28 
              01 DA 03 
              46 00 E0 
              03 23 9C 
              46 C1 1A 
              0A AE 0A 
              E0 5F 00 
              08 AD ED 
              5B 4F 00 
              F7 5B 7D 
              43 00 27 
              AA 18 7C 
              41 49 1C 
              5B 1E 61 
              45 F2 DD 
              41 00 04 
              AB 5A 52 
              21 04 12 
              0C 0A 43 
              24 0C 40 
              1C 08 28 
              DF DB 01 
              98 02 90 
              00 99 70 
              46 01 91 
              00 90 05 
              9B 04 9A 
              07 99 06 
              98 00 F0 
              CB F8 D0 
              E7 00 00 
              0D FC FF 
              FF F0 B5 
              0C 46 5C 
              40 85 B0 
              E4 0F E4 
              07 03 94 
              4C 00 00 
              26 64 08 
              59 00 94 
              46 49 08 
              02 46 02 
              96 22 43 
              21 D0 62 
              46 0A 43 
              1E D0 62 
              00 57 0D 
              4A 00 0E 
              03 23 03 
              55 0D 01 
              24 02 46 
              2C 49 24 
              05 78 1B 
              1B 0B 36 
              0B 40 18 
              23 43 26 
              43 61 46 
              00 90 1C 



ARM Macro Assembler    Page 9 


              46 50 1A 
              B4 41 03 
              D3 00 98 
              40 1C 00 
              90 02 E0 
              92 18 00 
              98 5B 41 
              00 28 03 
              DA 00 20 
              01 46 05 
              B0 F0 BD 
              00 20 01 
              21 09 05 
              07 46 86 
              46 11 E0 
              64 46 1D 
              46 14 1B 
              B5 41 06 
              D3 65 46 
              52 1B B3 
              41 74 46 
              07 43 0C 
              43 A6 46 
              CD 07 40 
              08 49 08 
              28 43 92 
              18 5B 41 
              05 46 0D 
              43 EA D1 
              10 46 18 
              43 13 D0 
              60 46 19 
              46 50 40 
              71 40 08 
              43 06 D0 
              60 46 10 
              1A B3 41 
              06 D2 01 
              22 00 23 
              06 E0 00 
              22 01 23 
              DB 07 02 
              E0 01 22 
              D2 43 53 
              10 00 98 
              74 46 01 
              05 38 1C 
              61 41 02 
              9C 03 9D 
              00 19 69 
              41 00 F0 
              46 F8 BF 
              E7 00 00 
              FD 03 00 
              00 0E B5 
              05 49 02 
              91 00 21 
              00 91 0A 
              46 0B 46 



ARM Macro Assembler    Page 10 


              01 91 00 
              F0 45 F8 
              03 B0 00 
              BD 33 04 
              00 00 10 
              B5 20 2A 
              04 DB 01 
              46 20 3A 
              91 40 00 
              20 10 BD 
              91 40 20 
              23 9C 1A 
              03 46 E3 
              40 19 43 
              90 40 10 
              BD 10 B5 
              20 2A 04 
              DB 08 46 
              20 3A D0 
              40 00 21 
              10 BD 0B 
              46 D3 40 
              D0 40 20 
              24 A2 1A 
              91 40 08 
              43 19 46 
              10 BD 10 
              B5 20 2A 
              06 DB CB 
              17 08 46 
              20 3A 10 
              41 C1 17 
              0B 43 06 
              E0 0B 46 
              13 41 D0 
              40 20 24 
              A2 1A 91 
              40 08 43 
              19 46 10 
              BD 10 B5 
              00 2B 08 
              DA 00 24 
              40 1C 61 
              41 92 18 
              5B 41 1A 
              43 01 D1 
              40 08 40 
              00 10 BD 
              F0 B5 1F 
              B4 82 B0 
              05 46 0C 
              00 03 D0 
              08 46 01 
              F0 88 F8 
              02 E0 01 
              F0 85 F8 
              20 30 02 
              46 00 90 
              21 46 28 



ARM Macro Assembler    Page 11 


              46 FF F7 
              AC FF 04 
              9B 05 9A 
              04 46 0F 
              46 18 43 
              11 43 08 
              43 14 D0 
              18 46 10 
              43 1B D0 
              00 98 40 
              21 0A 1A 
              18 46 05 
              99 FF F7 
              AA FF 05 
              46 0E 46 
              00 9A 05 
              99 04 98 
              FF F7 93 
              FF 08 43 
              05 D0 01 
              20 04 E0 
              20 46 39 
              46 07 B0 
              F0 BD 00 
              20 C1 17 
              05 43 0E 
              43 2C 43 
              37 43 00 
              99 0E 98 
              63 05 40 
              1A 79 05 
              E4 0A 00 
              22 0C 43 
              FD 0A 0A 
              30 02 D5 
              00 20 01 
              46 E9 E7 
              01 05 10 
              19 69 41 
              0C 9C 0D 
              9D 00 19 
              69 41 FF 
              F7 A2 FF 
              DF E7 00 
              00 06 4C 
              01 25 06 
              4E 05 E0 
              E3 68 07 
              CC 2B 43 
              0C 3C 98 
              47 10 34 
              B4 42 F7 
              D3 FF F7 
              EE FC 70 
              1D 01 20 
              90 1D 01 
              20 F0 B5 
              00 24 0F 
              4D 00 23 



ARM Macro Assembler    Page 12 


              17 E0 0C 
              26 5E 43 
              07 46 F7 
              40 38 46 
              C1 B2 00 
              28 0D D0 
              0F 26 36 
              02 06 40 
              36 0A 76 
              1E F2 B2 
              1C 29 02 
              D1 07 4E 
              32 62 03 
              E0 8E 00 
              AA 51 00 
              E0 01 24 
              5B 1C 02 
              2B 01 D8 
              00 2C E3 
              D0 F0 BD 
              80 02 00 
              40 00 00 
              04 40 10 
              B5 01 0A 
              02 29 09 
              D2 01 22 
              82 40 01 
              23 9B 07 
              11 24 64 
              01 1B 19 
              8C 00 1A 
              51 03 E0 
              01 22 82 
              40 01 4B 
              5A 61 10 
              BD 00 00 
              00 00 04 
              40 FF B5 
              85 B0 00 
              20 01 90 
              05 9C 20 
              70 64 1C 
              07 98 00 
              28 26 D0 
              06 98 06 
              68 00 2E 
              07 D1 30 
              20 20 70 
              01 98 40 
              1C 01 90 
              01 98 09 
              B0 F0 BD 
              16 E0 30 
              46 08 99 
              FF F7 47 
              FD 04 90 
              08 99 04 
              98 48 43 
              37 1A 00 



ARM Macro Assembler    Page 13 


              2F 04 DA 
              3D 46 E8 
              43 07 46 
              31 37 00 
              E0 30 37 
              04 9E 27 
              70 64 1C 
              01 98 40 
              1C 01 90 
              00 2E E6 
              D1 2E E0 
              06 98 00 
              68 03 90 
              03 98 00 
              28 06 D1 
              30 20 20 
              70 01 98 
              40 1C 01 
              90 01 98 
              D5 E7 1D 
              E0 08 99 
              03 98 FF 
              F7 09 FD 
              02 90 08 
              99 02 98 
              48 43 03 
              99 0D 1A 
              0A 2D 01 
              D2 30 35 
              08 E0 28 
              46 0A 38 
              0E 99 00 
              29 01 D0 
              41 21 00 
              E0 61 21 
              45 18 02 
              98 03 90 
              25 70 64 
              1C 01 98 
              40 1C 01 
              90 03 98 
              00 28 DE 
              D1 01 98 
              B1 E7 0F 
              B4 38 B5 
              0A 48 00 
              78 00 28 
              04 D1 40 
              1E 38 BC 
              08 BC 04 
              B0 18 47 
              05 A8 00 
              90 06 48 
              00 9A 04 
              99 00 F0 
              0A F8 04 
              46 00 20 
              00 90 20 
              46 EF E7 



ARM Macro Assembler    Page 14 


              00 00 78 
              00 02 20 
              C9 0A 01 
              20 F7 B5 
              96 B0 06 
              46 00 20 
              0C 90 0B 
              90 09 90 
              04 90 02 
              90 17 9D 
              0A E1 25 
              2C 05 D0 
              20 46 B0 
              47 09 98 
              40 1C 09 
              90 01 E1 
              01 20 05 
              90 00 20 
              08 90 0A 
              90 11 E0 
              68 1C 05 
              46 04 78 
              30 2C 09 
              DB 39 2C 
              07 DC 0A 
              21 08 98 
              48 43 21 
              46 30 39 
              40 18 08 
              90 02 E0 
              6D 1E 01 
              20 0A 90 
              0A 98 00 
              28 EA D0 
              06 20 07 
              90 68 1C 
              05 46 00 
              78 2E 28 
              19 D1 00 
              20 07 90 
              0A 90 11 
              E0 68 1C 
              05 46 04 
              78 30 2C 
              09 DB 39 
              2C 07 DC 
              0A 21 07 
              98 48 43 
              21 46 30 
              39 40 18 
              07 90 02 
              E0 6D 1E 
              01 20 0A 
              90 0A 98 
              00 28 EA 
              D0 00 E0 
              6D 1E 68 
              1C 05 46 
              04 78 64 



ARM Macro Assembler    Page 15 


              2C 11 D0 
              69 2C 0F 
              D0 66 2C 
              0D D0 46 
              2C 0B D0 
              78 2C 09 
              D0 58 2C 
              07 D0 6F 
              2C 05 D0 
              62 2C 03 
              D0 70 2C 
              01 D0 75 
              2C 7C D1 
              64 2C 01 
              D0 69 2C 
              12 D1 18 
              98 00 68 
              03 90 18 
              98 00 1D 
              18 90 05 
              98 0A 23 
              01 22 03 
              A9 00 90 
              0D A8 FF 
              F7 09 FF 
              0B 90 0D 
              A9 0B 98 
              08 18 0C 
              90 58 2C 
              01 D0 78 
              2C 16 D1 
              78 2C 01 
              D1 00 20 
              05 90 18 
              98 00 68 
              02 90 18 
              98 00 1D 
              18 90 05 
              98 10 23 
              00 22 02 
              A9 00 90 
              0D A8 FF 
              F7 EE FE 
              0B 90 0D 
              A9 0B 98 
              08 18 0C 
              90 6F 2C 
              05 D0 62 
              2C 03 D0 
              70 2C 01 
              D0 75 2C 
              29 D1 18 
              98 00 68 
              02 90 18 
              98 00 1D 
              18 90 62 
              2C 09 D0 
              6F 2C 04 
              D0 70 2C 



ARM Macro Assembler    Page 16 


              08 D0 75 
              2C 0C D1 
              08 E0 08 
              20 04 90 
              09 E0 02 
              20 04 90 
              06 E0 10 
              20 04 90 
              03 E0 0A 
              20 04 90 
              00 E0 00 
              BF 00 BF 
              05 98 00 
              90 00 22 
              02 A9 0D 
              A8 04 9B 
              FF F7 BC 
              FE 0B 90 
              0D A9 0B 
              98 08 18 
              0C 90 09 
              AB 00 96 
              20 20 08 
              9A 0B 99 
              00 F0 4B 
              F8 0C 98 
              00 28 3E 
              D0 07 E0 
              0C 99 08 
              78 49 1E 
              0C 91 B0 
              47 09 98 
              40 1C 09 
              90 0C 98 
              00 78 00 
              28 F3 D1 
              30 E0 FF 
              E7 63 2C 
              0B D1 18 
              98 01 78 
              00 1D 18 
              90 C8 B2 
              06 90 06 
              98 B0 47 
              09 98 40 
              1C 09 90 
              21 E0 73 
              2C 1A D1 
              18 98 80 
              C8 18 90 
              00 2F 1A 
              D0 38 46 
              FF F7 FC 
              FB 0B 90 
              09 AB 00 
              96 20 20 
              08 9A 0B 
              99 00 F0 
              19 F8 05 



ARM Macro Assembler    Page 17 


              E0 38 78 
              7F 1C B0 
              47 09 98 
              40 1C 09 
              90 38 78 
              00 28 F6 
              D1 04 E0 
              20 46 B0 
              47 09 98 
              40 1C 09 
              90 00 BF 
              6D 1C 28 
              78 04 1E 
              00 D0 F0 
              E6 09 98 
              19 B0 F0 
              BD FF B5 
              81 B0 0D 
              46 16 46 
              1C 46 2F 
              46 06 E0 
              0A 99 01 
              98 88 47 
              20 68 40 
              1C 20 60 
              7F 1C B7 
              42 F6 DB 
              05 B0 F0 
              BD 00 00 
              01 B5 07 
              48 00 78 
              00 28 01 
              D1 40 1E 
              08 BD 04 
              49 48 68 
              01 22 8B 
              68 69 46 
              98 47 01 
              20 F6 E7 
              00 00 78 
              00 02 20 
              10 B5 09 
              48 00 68 
              00 28 00 
              D0 04 E0 
              A4 22 07 
              A1 15 A0 
              00 F0 3D 
              FE 1A 4B 
              19 68 1A 
              4B 18 68 
              02 4B 1A 
              68 90 47 
              10 BD 00 
              00 18 00 
              02 20 2E 
              2E 2F 2E 
              2E 2F 2E 
              2E 2F 2E 



ARM Macro Assembler    Page 18 


              2E 2F 2E 
              2E 2F 2E 
              2E 2F 64 
              65 76 69 
              63 65 73 
              2F 4C 50 
              43 35 34 
              31 31 34 
              2F 64 72 
              69 76 65 
              72 73 2F 
              66 73 6C 
              5F 66 6C 
              65 78 63 
              6F 6D 6D 
              2E 63 00 
              00 00 73 
              5F 66 6C 
              65 78 63 
              6F 6D 6D 
              49 72 71 
              48 61 6E 
              64 6C 65 
              72 5B 30 
              5D 00 38 
              00 02 20 
              B8 1C 01 
              20 10 B5 
              09 48 40 
              68 00 28 
              00 D0 04 
              E0 AC 22 
              07 A1 15 
              A0 00 F0 
              F9 FD 1A 
              4B 59 68 
              1A 4B 58 
              68 02 4B 
              5A 68 90 
              47 10 BD 
              00 00 18 
              00 02 20 
              2E 2E 2F 
              2E 2E 2F 
              2E 2E 2F 
              2E 2E 2F 
              2E 2E 2F 
              2E 2E 2F 
              64 65 76 
              69 63 65 
              73 2F 4C 
              50 43 35 
              34 31 31 
              34 2F 64 
              72 69 76 
              65 72 73 
              2F 66 73 
              6C 5F 66 
              6C 65 78 



ARM Macro Assembler    Page 19 


              63 6F 6D 
              6D 2E 63 
              00 00 00 
              73 5F 66 
              6C 65 78 
              63 6F 6D 
              6D 49 72 
              71 48 61 
              6E 64 6C 
              65 72 5B 
              31 5D 00 
              38 00 02 
              20 B8 1C 
              01 20 10 
              B5 09 48 
              80 68 00 
              28 00 D0 
              04 E0 B4 
              22 07 A1 
              15 A0 00 
              F0 B5 FD 
              1A 4B 99 
              68 1A 4B 
              98 68 02 
              4B 9A 68 
              90 47 10 
              BD 00 00 
              18 00 02 
              20 2E 2E 
              2F 2E 2E 
              2F 2E 2E 
              2F 2E 2E 
              2F 2E 2E 
              2F 2E 2E 
              2F 64 65 
              76 69 63 
              65 73 2F 
              4C 50 43 
              35 34 31 
              31 34 2F 
              64 72 69 
              76 65 72 
              73 2F 66 
              73 6C 5F 
              66 6C 65 
              78 63 6F 
              6D 6D 2E 
              63 00 00 
              00 73 5F 
              66 6C 65 
              78 63 6F 
              6D 6D 49 
              72 71 48 
              61 6E 64 
              6C 65 72 
              5B 32 5D 
              00 38 00 
              02 20 B8 
              1C 01 20 



ARM Macro Assembler    Page 20 


              10 B5 09 
              48 C0 68 
              00 28 00 
              D0 04 E0 
              BC 22 07 
              A1 15 A0 
              00 F0 71 
              FD 1A 4B 
              D9 68 1A 
              4B D8 68 
              02 4B DA 
              68 90 47 
              10 BD 00 
              00 18 00 
              02 20 2E 
              2E 2F 2E 
              2E 2F 2E 
              2E 2F 2E 
              2E 2F 2E 
              2E 2F 2E 
              2E 2F 64 
              65 76 69 
              63 65 73 
              2F 4C 50 
              43 35 34 
              31 31 34 
              2F 64 72 
              69 76 65 
              72 73 2F 
              66 73 6C 
              5F 66 6C 
              65 78 63 
              6F 6D 6D 
              2E 63 00 
              00 00 73 
              5F 66 6C 
              65 78 63 
              6F 6D 6D 
              49 72 71 
              48 61 6E 
              64 6C 65 
              72 5B 33 
              5D 00 38 
              00 02 20 
              B8 1C 01 
              20 10 B5 
              09 48 00 
              69 00 28 
              00 D0 04 
              E0 C4 22 
              07 A1 15 
              A0 00 F0 
              2D FD 1A 
              4B 19 69 
              1A 4B 18 
              69 02 4B 
              1A 69 90 
              47 10 BD 
              00 00 18 



ARM Macro Assembler    Page 21 


              00 02 20 
              2E 2E 2F 
              2E 2E 2F 
              2E 2E 2F 
              2E 2E 2F 
              2E 2E 2F 
              2E 2E 2F 
              64 65 76 
              69 63 65 
              73 2F 4C 
              50 43 35 
              34 31 31 
              34 2F 64 
              72 69 76 
              65 72 73 
              2F 66 73 
              6C 5F 66 
              6C 65 78 
              63 6F 6D 
              6D 2E 63 
              00 00 00 
              73 5F 66 
              6C 65 78 
              63 6F 6D 
              6D 49 72 
              71 48 61 
              6E 64 6C 
              65 72 5B 
              34 5D 00 
              38 00 02 
              20 B8 1C 
              01 20 10 
              B5 09 48 
              40 69 00 
              28 00 D0 
              04 E0 CD 
              22 07 A1 
              15 A0 00 
              F0 E9 FC 
              1A 4B 59 
              69 1A 4B 
              58 69 02 
              4B 5A 69 
              90 47 10 
              BD 00 00 
              18 00 02 
              20 2E 2E 
              2F 2E 2E 
              2F 2E 2E 
              2F 2E 2E 
              2F 2E 2E 
              2F 2E 2E 
              2F 64 65 
              76 69 63 
              65 73 2F 
              4C 50 43 
              35 34 31 
              31 34 2F 
              64 72 69 



ARM Macro Assembler    Page 22 


              76 65 72 
              73 2F 66 
              73 6C 5F 
              66 6C 65 
              78 63 6F 
              6D 6D 2E 
              63 00 00 
              00 73 5F 
              66 6C 65 
              78 63 6F 
              6D 6D 49 
              72 71 48 
              61 6E 64 
              6C 65 72 
              5B 35 5D 
              00 38 00 
              02 20 B8 
              1C 01 20 
              10 B5 09 
              48 80 69 
              00 28 00 
              D0 04 E0 
              D5 22 07 
              A1 15 A0 
              00 F0 A5 
              FC 1A 4B 
              99 69 1A 
              4B 98 69 
              02 4B 9A 
              69 90 47 
              10 BD 00 
              00 18 00 
              02 20 2E 
              2E 2F 2E 
              2E 2F 2E 
              2E 2F 2E 
              2E 2F 2E 
              2E 2F 2E 
              2E 2F 64 
              65 76 69 
              63 65 73 
              2F 4C 50 
              43 35 34 
              31 31 34 
              2F 64 72 
              69 76 65 
              72 73 2F 
              66 73 6C 
              5F 66 6C 
              65 78 63 
              6F 6D 6D 
              2E 63 00 
              00 00 73 
              5F 66 6C 
              65 78 63 
              6F 6D 6D 
              49 72 71 
              48 61 6E 
              64 6C 65 



ARM Macro Assembler    Page 23 


              72 5B 36 
              5D 00 38 
              00 02 20 
              B8 1C 01 
              20 10 B5 
              09 48 C0 
              69 00 28 
              00 D0 04 
              E0 DD 22 
              07 A1 15 
              A0 00 F0 
              61 FC 1A 
              4B D9 69 
              1A 4B D8 
              69 02 4B 
              DA 69 90 
              47 10 BD 
              00 00 18 
              00 02 20 
              2E 2E 2F 
              2E 2E 2F 
              2E 2E 2F 
              2E 2E 2F 
              2E 2E 2F 
              2E 2E 2F 
              64 65 76 
              69 63 65 
              73 2F 4C 
              50 43 35 
              34 31 31 
              34 2F 64 
              72 69 76 
              65 72 73 
              2F 66 73 
              6C 5F 66 
              6C 65 78 
              63 6F 6D 
              6D 2E 63 
              00 00 00 
              73 5F 66 
              6C 65 78 
              63 6F 6D 
              6D 49 72 
              71 48 61 
              6E 64 6C 
              65 72 5B 
              37 5D 00 
              38 00 02 
              20 B8 1C 
              01 20 70 
              B5 05 46 
              00 24 07 
              E0 A0 00 
              07 49 08 
              58 A8 42 
              01 D1 20 
              46 70 BD 
              64 1C 08 
              2C F5 DB 



ARM Macro Assembler    Page 24 


              61 22 03 
              A1 11 A0 
              00 F0 15 
              FC 00 00 
              B8 1C 01 
              20 2E 2E 
              2F 2E 2E 
              2F 2E 2E 
              2F 2E 2E 
              2F 2E 2E 
              2F 2E 2E 
              2F 64 65 
              76 69 63 
              65 73 2F 
              4C 50 43 
              35 34 31 
              31 34 2F 
              64 72 69 
              76 65 72 
              73 2F 66 
              73 6C 5F 
              66 6C 65 
              78 63 6F 
              6D 6D 2E 
              63 00 00 
              00 66 61 
              6C 73 65 
              00 00 00 
              F8 B5 05 
              46 0E 46 
              28 46 FF 
              F7 C2 FF 
              04 46 00 
              2C 01 DA 
              04 20 F8 
              BD 61 00 
              0C 4A 50 
              5A 01 0A 
              02 29 09 
              D2 01 22 
              82 40 01 
              23 9B 07 
              11 27 7F 
              01 DB 19 
              8F 00 DA 
              51 03 E0 
              01 22 82 
              40 05 4B 
              5A 61 00 
              BF 00 22 
              31 46 28 
              46 00 F0 
              29 F8 E3 
              E7 D8 1C 
              01 20 00 
              00 04 40 
              10 B5 02 
              46 00 29 
              01 D1 01 



ARM Macro Assembler    Page 25 


              20 10 BD 
              01 29 0F 
              DB 04 29 
              0D DC 1F 
              20 C0 01 
              10 18 80 
              6F CB 1C 
              01 24 9C 
              40 20 40 
              00 28 01 
              D0 01 20 
              EE E7 00 
              20 EC E7 
              05 29 07 
              D1 1F 20 
              C0 01 10 
              18 80 6F 
              80 23 18 
              40 C0 09 
              E2 E7 00 
              20 E0 E7 
              70 B5 04 
              46 0D 46 
              16 46 29 
              46 20 46 
              FF F7 D4 
              FF 00 28 
              01 D1 03 
              20 70 BD 
              1F 20 C0 
              01 20 18 
              80 6F 08 
              21 08 40 
              00 28 09 
              D0 1F 20 
              C0 01 20 
              18 80 6F 
              40 07 40 
              0F A8 42 
              01 D0 01 
              20 EC E7 
              00 2E 06 
              D0 08 20 
              28 43 1F 
              21 C9 01 
              61 18 88 
              67 03 E0 
              1F 20 C0 
              01 20 18 
              85 67 00 
              20 DD E7 
              50 22 0A 
              40 01 23 
              DB 02 C3 
              18 5A 60 
              70 47 00 
              29 0B D0 
              01 22 D2 
              02 82 18 



ARM Macro Assembler    Page 26 


              12 68 D2 
              06 D2 0E 
              01 23 1A 
              43 DB 02 
              C3 18 1A 
              60 0B E0 
              01 22 D2 
              02 82 18 
              12 68 D2 
              06 D2 0E 
              52 08 52 
              00 01 23 
              DB 02 C3 
              18 1A 60 
              70 47 00 
              00 01 21 
              01 70 02 
              49 41 60 
              00 21 01 
              72 70 47 
              00 00 A0 
              86 01 00 
              70 B5 05 
              46 0C 46 
              16 46 03 
              21 28 46 
              FF F7 50 
              FF 21 78 
              28 46 FF 
              F7 CE FF 
              32 46 28 
              46 61 68 
              00 F0 8B 
              F8 70 BD 
              FF B5 83 
              B0 04 46 
              0E 46 00 
              25 37 46 
              00 2E 00 
              D0 05 E0 
              FF 22 18 
              32 2E A1 
              3B A0 00 
              F0 27 FB 
              00 20 01 
              90 41 E0 
              20 46 00 
              F0 6F F9 
              05 46 50 
              20 28 40 
              00 28 00 
              D0 3B E0 
              0E 20 28 
              40 40 08 
              02 90 02 
              98 01 28 
              04 D0 03 
              28 20 D0 
              04 28 22 



ARM Macro Assembler    Page 27 


              D1 1E E0 
              01 20 C0 
              02 20 18 
              80 6A 38 
              70 7F 1C 
              05 98 40 
              1E 05 90 
              00 28 04 
              D0 01 20 
              C1 02 61 
              18 08 62 
              0C E0 04 
              21 06 98 
              08 40 00 
              28 07 D1 
              04 20 41 
              02 61 18 
              08 62 20 
              46 00 F0 
              41 F9 05 
              46 07 E0 
              00 BF 20 
              48 01 90 
              03 E0 1F 
              48 C0 1D 
              01 90 00 
              BF 00 BF 
              01 98 00 
              28 02 D0 
              01 98 07 
              B0 F0 BD 
              05 98 00 
              28 BA D1 
              00 BF 10 
              20 28 40 
              00 28 02 
              D0 15 48 
              C0 1C F2 
              E7 40 20 
              28 40 00 
              28 02 D0 
              A3 20 00 
              01 EB E7 
              00 20 E9 
              E7 2E 2E 
              5C 2E 2E 
              5C 2E 2E 
              5C 2E 2E 
              5C 2E 2E 
              5C 2E 2E 
              5C 64 65 
              76 69 63 
              65 73 5C 
              4C 50 43 
              35 34 31 
              31 34 5C 
              64 72 69 
              76 65 72 
              73 5C 66 



ARM Macro Assembler    Page 28 


              73 6C 5F 
              69 32 63 
              2E 63 00 
              00 00 00 
              72 78 42 
              75 66 66 
              00 00 2A 
              0A 00 00 
              F7 B5 84 
              B0 07 46 
              00 20 01 
              90 09 24 
              24 E0 05 
              98 60 43 
              41 00 06 
              98 FE F7 
              E3 FF 05 
              46 01 20 
              00 04 85 
              42 00 D9 
              00 E0 28 
              46 05 46 
              05 98 60 
              43 40 00 
              68 43 06 
              99 0E 1A 
              01 98 86 
              42 02 D3 
              01 98 00 
              28 02 D1 
              02 95 03 
              94 01 96 
              00 2E 03 
              D0 01 20 
              00 04 85 
              42 00 D3 
              02 E0 64 
              1E 02 2C 
              D8 D2 00 
              BF 02 98 
              40 1E 80 
              B2 01 21 
              C9 02 79 
              18 48 61 
              03 98 80 
              1E 41 07 
              49 0F 03 
              98 80 1E 
              00 01 70 
              22 10 40 
              01 43 01 
              20 C0 02 
              38 18 41 
              62 07 B0 
              F0 BD 70 
              B5 04 46 
              0D 46 16 
              46 20 46 
              00 F0 AD 



ARM Macro Assembler    Page 29 


              F8 68 00 
              F1 07 C9 
              0F 08 43 
              01 21 C9 
              02 61 18 
              88 62 02 
              20 81 02 
              61 18 08 
              62 00 20 
              70 BD 10 
              B5 04 46 
              20 46 00 
              F0 9A F8 
              04 20 41 
              02 61 18 
              08 62 00 
              20 10 BD 
              FF B5 83 
              B0 05 46 
              0E 46 37 
              46 00 2E 
              00 D0 04 
              E0 C9 22 
              34 A1 41 
              A0 00 F0 
              39 FA 00 
              20 01 90 
              3A E0 28 
              46 00 F0 
              81 F8 04 
              46 10 20 
              20 40 00 
              28 02 D0 
              3C 48 07 
              B0 F0 BD 
              40 20 20 
              40 00 28 
              02 D0 A3 
              20 00 01 
              F6 E7 0E 
              20 20 40 
              40 08 02 
              90 02 98 
              02 28 04 
              D0 03 28 
              10 D0 04 
              28 13 D1 
              0E E0 38 
              78 01 21 
              C9 02 69 
              18 88 62 
              7F 1C 05 
              98 40 1E 
              05 90 01 
              20 C1 02 
              69 18 08 
              62 08 E0 
              00 BF 2A 
              48 C0 1E 



ARM Macro Assembler    Page 30 


              01 90 03 
              E0 28 48 
              00 1D 01 
              90 00 BF 
              00 BF 01 
              98 00 28 
              01 D0 01 
              98 CD E7 
              05 98 00 
              28 C1 D1 
              28 46 00 
              F0 43 F8 
              04 46 50 
              20 20 40 
              00 28 0C 
              D1 04 21 
              06 98 08 
              40 00 28 
              07 D1 04 
              20 41 02 
              69 18 08 
              62 28 46 
              00 F0 32 
              F8 04 46 
              10 20 20 
              40 00 28 
              01 D0 15 
              48 AF E7 
              40 20 20 
              40 00 28 
              02 D0 A3 
              20 00 01 
              A8 E7 00 
              20 A6 E7 
              2E 2E 5C 
              2E 2E 5C 
              2E 2E 5C 
              2E 2E 5C 
              2E 2E 5C 
              2E 2E 5C 
              64 65 76 
              69 63 65 
              73 5C 4C 
              50 43 35 
              34 31 31 
              34 5C 64 
              72 69 76 
              65 72 73 
              5C 66 73 
              6C 5F 69 
              32 63 2E 
              63 00 00 
              00 00 74 
              78 42 75 
              66 66 00 
              00 2D 0A 
              00 00 70 
              B5 05 46 
              00 BF 00 



ARM Macro Assembler    Page 31 


              BF 01 20 
              C0 02 28 
              18 44 68 
              00 BF E0 
              07 C0 0F 
              00 28 F5 
              D0 50 21 
              28 46 FF 
              F7 2C FE 
              20 46 70 
              BD 30 B5 
              CC 01 24 
              18 95 00 
              63 51 30 
              BD 00 00 
              70 B5 16 
              4D 00 24 
              00 2C 01 
              D0 01 2C 
              00 D1 04 
              E0 83 22 
              13 A1 21 
              A0 00 F0 
              8B F9 20 
              01 28 58 
              2E 49 08 
              60 08 46 
              00 68 2D 
              49 08 60 
              08 46 00 
              68 40 78 
              01 28 01 
              D1 2A 49 
              08 70 08 
              4D 00 24 
              66 1E 00 
              2C 01 D0 
              01 2C 00 
              D1 04 E0 
              A3 22 05 
              A1 13 A0 
              00 F0 6F 
              F9 20 01 
              40 19 86 
              60 00 BF 
              70 BD 00 
              B0 08 40 
              2E 2E 2F 
              2E 2E 2F 
              2E 2E 2F 
              2E 2E 2F 
              2E 2E 2F 
              2E 2E 2F 
              64 65 76 
              69 63 65 
              73 2F 4C 
              50 43 35 
              34 31 31 
              34 2F 64 



ARM Macro Assembler    Page 32 


              72 69 76 
              65 72 73 
              2F 66 73 
              6C 5F 6D 
              61 69 6C 
              62 6F 78 
              2E 68 00 
              00 00 00 
              28 63 70 
              75 5F 69 
              64 20 3D 
              3D 20 6B 
              4D 41 49 
              4C 42 4F 
              58 5F 43 
              4D 30 50 
              6C 75 73 
              29 20 7C 
              7C 20 28 
              63 70 75 
              5F 69 64 
              20 3D 3D 
              20 6B 4D 
              41 49 4C 
              42 4F 58 
              5F 43 4D 
              34 29 00 
              00 00 00 
              04 00 02 
              20 00 00 
              02 20 0C 
              00 02 20 
              30 B5 02 
              46 1A 20 
              00 21 02 
              29 08 D2 
              01 23 83 
              40 44 07 
              11 25 6D 
              01 64 19 
              8D 00 63 
              51 03 E0 
              01 23 83 
              40 02 4C 
              63 61 00 
              BF 30 BD 
              00 00 00 
              00 04 40 
              10 B5 02 
              49 C8 68 
              80 47 10 
              BD 00 00 
              4C 1D 01 
              20 70 B5 
              04 46 0D 
              46 08 48 
              00 68 A0 
              42 09 D9 
              06 48 81 



ARM Macro Assembler    Page 33 


              68 28 20 
              60 43 08 
              18 29 46 
              42 69 20 
              46 90 47 
              70 BD 01 
              20 FC E7 
              00 00 4C 
              1D 01 20 
              10 B5 FF 
              F7 DF FF 
              04 46 07 
              48 00 68 
              A0 42 08 
              D9 05 48 
              82 68 28 
              20 60 43 
              10 18 81 
              68 20 46 
              88 47 10 
              BD 01 20 
              FC E7 00 
              00 4C 1D 
              01 20 10 
              B5 04 46 
              07 48 00 
              68 A0 42 
              08 D9 05 
              48 82 68 
              28 20 60 
              43 10 18 
              81 69 20 
              46 88 47 
              10 BD 01 
              20 FC E7 
              00 00 4C 
              1D 01 20 
              F8 B5 05 
              46 2E 0C 
              AF B2 01 
              20 B8 40 
              04 46 20 
              2F 00 D2 
              04 E0 5D 
              22 0D A1 
              1A A0 00 
              F0 B7 F8 
              02 2E 08 
              D3 1C 48 
              84 60 00 
              BF 1A 48 
              00 68 20 
              40 A0 42 
              FA D0 0A 
              E0 18 48 
              B1 00 44 
              50 00 BF 
              16 48 40 
              38 B1 00 



ARM Macro Assembler    Page 34 


              40 58 20 
              40 A0 42 
              F8 D0 F8 
              BD 2E 2E 
              2F 2E 2E 
              2F 2E 2E 
              2F 2E 2E 
              2F 2E 2E 
              2F 2E 2E 
              2F 64 65 
              76 69 63 
              65 73 2F 
              4C 50 43 
              35 34 31 
              31 34 2F 
              64 72 69 
              76 65 72 
              73 2F 66 
              73 6C 5F 
              72 65 73 
              65 74 2E 
              63 00 00 
              62 69 74 
              50 6F 73 
              20 3C 20 
              33 32 75 
              00 00 00 
              00 00 00 
              04 40 40 
              01 00 40 
              10 B5 04 
              46 20 46 
              00 F0 05 
              F8 20 46 
              FF F7 AA 
              FF 10 BD 
              00 00 F8 
              B5 04 46 
              26 0C A7 
              B2 01 20 
              B8 40 05 
              46 20 2F 
              00 D2 04 
              E0 3C 22 
              0D A1 1A 
              A0 00 F0 
              5F F8 02 
              2E 08 D3 
              1C 48 45 
              60 00 BF 
              1A 48 00 
              68 28 40 
              00 28 FA 
              D0 0A E0 
              18 48 B1 
              00 45 50 
              00 BF 16 
              48 20 38 
              B1 00 40 



ARM Macro Assembler    Page 35 


              58 28 40 
              00 28 F8 
              D0 F8 BD 
              2E 2E 2F 
              2E 2E 2F 
              2E 2E 2F 
              2E 2E 2F 
              2E 2E 2F 
              2E 2E 2F 
              64 65 76 
              69 63 65 
              73 2F 4C 
              50 43 35 
              34 31 31 
              34 2F 64 
              72 69 76 
              65 72 73 
              2F 66 73 
              6C 5F 72 
              65 73 65 
              74 2E 63 
              00 00 62 
              69 74 50 
              6F 73 20 
              3C 20 33 
              32 75 00 
              00 00 00 
              00 00 04 
              40 20 01 
              00 40 01 
              48 02 49 
              88 60 70 
              47 00 00 
              01 20 00 
              ED 00 E0 
              20 21 02 
              0C 01 D0 
              10 21 10 
              46 02 0A 
              01 D0 10 
              46 08 39 
              02 09 01 
              D0 10 46 
              09 1F 82 
              08 01 D0 
              10 46 89 
              1E 42 08 
              01 D0 88 
              1E 70 47 
              08 1A 70 
              47 00 00 
              04 46 0D 
              46 16 46 
              33 46 2A 
              46 21 46 
              02 A0 FF 
              F7 51 F8 
              00 BF 00 
              BE FD E7 



ARM Macro Assembler    Page 36 


              41 53 53 
              45 52 54 
              20 45 52 
              52 4F 52 
              20 22 20 
              25 73 20 
              22 3A 20 
              66 69 6C 
              65 20 22 
              25 73 22 
              20 4C 69 
              6E 65 20 
              22 25 64 
              22 20 0A 
              00 00 02 
              E0 08 C8 
              12 1F 08 
              C1 00 2A 
              FA D1 70 
              47 70 47 
              00 20 01 
              E0 01 C1 
              12 1F 00 
              2A FB D1 
              70 47 00 
              00 08 B5 
              00 20 00 
              90 00 90 
              03 E0 00 
              BF 00 98 
              40 1C 00 
              90 02 49 
              00 98 88 
              42 F7 D3 
              08 BD 40 
              42 0F 00 
              0E B5 01 
              20 02 90 
              2F 48 00 
              68 00 90 
              FF F7 C6 
              FE 01 A9 
              01 20 FF 
              F7 AC FE 
              00 25 02 
              E0 FF F7 
              E0 FF 6D 
              1C 01 98 
              85 42 F9 
              D3 0E 20 
              FE F7 89 
              FF 0F 20 
              FE F7 86 
              FF 01 20 
              FF F7 C7 
              FE 00 BF 
              1A 20 FE 
              F7 7F FF 
              00 BF 1F 



ARM Macro Assembler    Page 37 


              20 01 21 
              81 40 1F 
              4A 11 60 
              00 BF 00 
              F0 02 FA 
              35 E0 1D 
              48 00 78 
              01 28 31 
              D1 1C 49 
              08 46 08 
              38 00 F0 
              40 F9 02 
              90 02 98 
              00 28 04 
              D1 01 20 
              17 49 10 
              39 08 76 
              03 E0 00 
              20 14 49 
              10 39 08 
              76 00 20 
              12 49 10 
              39 48 70 
              08 46 11 
              49 08 60 
              08 46 00 
              68 10 49 
              08 60 10 
              4E 01 24 
              08 46 07 
              68 00 2C 
              01 D0 01 
              2C 00 D1 
              05 E0 75 
              22 0C 49 
              08 46 3C 
              30 FF F7 
              63 FF 20 
              01 37 50 
              00 BF 00 
              20 03 49 
              08 70 C8 
              E7 E8 1C 
              01 20 00 
              E1 00 E0 
              0C 00 02 
              20 68 00 
              02 20 00 
              00 02 20 
              04 00 02 
              20 00 B0 
              08 40 AC 
              14 01 20 
              10 B5 04 
              46 02 20 
              10 BD 00 
              20 70 47 
              F3 B5 81 
              B0 0C 46 



ARM Macro Assembler    Page 38 


              01 98 01 
              28 01 D0 
              01 20 FE 
              BD 00 2C 
              01 D1 01 
              20 FA E7 
              11 4E 00 
              25 00 2D 
              01 D0 01 
              2D 00 D1 
              05 E0 83 
              22 0E 49 
              08 46 3C 
              30 FF F7 
              2D FF 28 
              01 30 58 
              20 60 09 
              4E 00 25 
              27 68 00 
              2D 01 D0 
              01 2D 00 
              D1 05 E0 
              A3 22 06 
              49 08 46 
              3C 30 FF 
              F7 1C FF 
              28 01 80 
              19 87 60 
              00 BF 00 
              20 D6 E7 
              00 B0 08 
              40 3C 1A 
              01 20 10 
              B5 04 46 
              00 2C 02 
              D0 01 2C 
              08 D1 03 
              E0 06 48 
              FF F7 E2 
              FD 05 E0 
              04 48 FF 
              F7 DE FD 
              01 E0 01 
              20 10 BD 
              00 BF 00 
              20 FB E7 
              00 B0 08 
              40 03 46 
              02 20 70 
              47 00 00 
              01 46 01 
              29 01 D0 
              01 20 70 
              47 00 BF 
              01 22 02 
              48 82 67 
              00 BF 00 
              20 F7 E7 
              80 B0 08 



ARM Macro Assembler    Page 39 


              40 FF B5 
              81 B0 0D 
              46 01 98 
              01 28 02 
              D0 01 20 
              05 B0 F0 
              BD 1F 4F 
              00 24 03 
              98 00 90 
              00 2C 01 
              D0 01 2C 
              00 D1 04 
              E0 75 22 
              1B A1 29 
              A0 FF F7 
              D3 FE 21 
              01 00 98 
              78 50 00 
              BF 00 BF 
              15 48 80 
              30 80 6F 
              33 49 68 
              68 48 60 
              28 68 88 
              60 08 46 
              06 68 30 
              48 06 43 
              30 46 28 
              21 08 43 
              2D 49 08 
              60 30 46 
              08 21 08 
              43 20 21 
              88 43 29 
              49 08 60 
              04 98 00 
              28 08 D1 
              00 BF 00 
              BF 07 48 
              80 30 80 
              6F C0 07 
              C0 0F 00 
              28 F7 D0 
              00 BF 01 
              21 02 48 
              80 30 81 
              67 00 BF 
              00 20 BE 
              E7 00 B0 
              08 40 2E 
              2E 2F 2E 
              2E 2F 2E 
              2E 2F 2E 
              2E 2F 2E 
              2E 2F 2E 
              2E 2F 64 
              65 76 69 
              63 65 73 
              2F 4C 50 



ARM Macro Assembler    Page 40 


              43 35 34 
              31 31 34 
              2F 64 72 
              69 76 65 
              72 73 2F 
              66 73 6C 
              5F 6D 61 
              69 6C 62 
              6F 78 2E 
              68 00 00 
              00 00 28 
              63 70 75 
              5F 69 64 
              20 3D 3D 
              20 6B 4D 
              41 49 4C 
              42 4F 58 
              5F 43 4D 
              30 50 6C 
              75 73 29 
              20 7C 7C 
              20 28 63 
              70 75 5F 
              69 64 20 
              3D 3D 20 
              6B 4D 41 
              49 4C 42 
              4F 58 5F 
              43 4D 34 
              29 00 00 
              00 00 00 
              08 00 40 
              00 80 C4 
              C0 01 46 
              01 29 01 
              D0 01 20 
              70 47 06 
              48 02 68 
              06 48 02 
              43 10 46 
              20 23 18 
              43 08 23 
              98 43 01 
              4B 18 60 
              00 20 F1 
              E7 00 08 
              00 40 00 
              80 C4 C0 
              F3 B5 85 
              B0 07 46 
              01 26 00 
              20 04 90 
              00 22 40 
              21 4E 48 
              FF F7 D9 
              FB 00 28 
              46 D1 E3 
              20 4C 49 
              08 70 01 



ARM Macro Assembler    Page 41 


              23 1A 46 
              49 48 FF 
              F7 EF FB 
              06 46 00 
              2E 02 D0 
              00 20 07 
              B0 F0 BD 
              01 22 40 
              21 44 48 
              FF F7 C4 
              FB 00 23 
              02 22 43 
              49 41 48 
              FF F7 EE 
              FA 06 46 
              3F 48 FF 
              F7 CF FB 
              3F 48 40 
              78 3E 49 
              09 78 09 
              02 08 43 
              04 90 04 
              98 FE F7 
              1E FD 04 
              46 0D 46 
              00 22 3A 
              4B 20 46 
              29 46 FE 
              F7 9E FC 
              01 22 92 
              07 37 4B 
              01 91 00 
              90 FE F7 
              2F FC 03 
              22 92 07 
              35 4B 03 
              91 02 90 
              FE F7 1A 
              FC 04 46 
              0D 46 00 
              22 32 4B 
              20 46 29 
              46 FE F7 
              20 FC 79 
              60 38 60 
              00 22 40 
              21 27 48 
              FF F7 8B 
              FB 00 28 
              43 D1 E5 
              20 25 49 
              08 70 01 
              23 1A 46 
              22 48 FF 
              F7 A1 FB 
              06 46 00 
              2E 01 D0 
              00 20 B0 
              E7 01 22 



ARM Macro Assembler    Page 42 


              40 21 1D 
              48 FF F7 
              77 FB 00 
              23 02 22 
              1D 49 1A 
              48 FF F7 
              A1 FA 06 
              46 18 48 
              FF F7 82 
              FB 19 48 
              40 78 18 
              49 09 78 
              09 02 08 
              43 04 90 
              04 98 FE 
              F7 D1 FC 
              04 46 0D 
              46 00 22 
              13 4B 20 
              46 29 46 
              FE F7 51 
              FC 00 22 
              14 4B 01 
              91 00 90 
              FE F7 E3 
              FB 00 22 
              12 4B 03 
              91 02 90 
              FE F7 CF 
              FB 04 46 
              0D 46 00 
              22 0C 4B 
              20 46 29 
              46 FE F7 
              D5 FB 06 
              9A 03 C2 
              00 2E 01 
              D0 00 20 
              75 E7 01 
              20 73 E7 
              00 00 00 
              A0 08 40 
              12 00 02 
              20 13 00 
              02 20 00 
              00 F0 40 
              0A F7 65 
              40 CC 6C 
              47 40 00 
              00 24 40 
              00 40 5F 
              40 00 00 
              18 40 0E 
              B5 FF 23 
              96 33 01 
              22 11 46 
              0E 48 FF 
              F7 EB FB 
              FF 23 96 



ARM Macro Assembler    Page 43 


              33 02 22 
              01 21 0A 
              48 FF F7 
              E4 FB FF 
              20 11 30 
              FE F7 3B 
              FD 08 48 
              FF F7 04 
              FD 68 46 
              FF F7 27 
              FA 06 48 
              01 90 06 
              4A 69 46 
              06 48 FF 
              F7 2A FA 
              0E BD 00 
              00 00 10 
              00 40 0F 
              00 01 00 
              A0 86 01 
              00 00 1B 
              B7 00 00 
              A0 08 40 
              0E 0F 10 
              11 12 13 
              14 15 00 
              60 08 40 
              00 70 08 
              40 00 80 
              08 40 00 
              90 08 40 
              00 A0 08 
              40 00 60 
              09 40 00 
              70 09 40 
              00 80 09 
              40 0B 01 
              0C 01 0D 
              01 0E 01 
              0F 01 10 
              01 11 01 
              12 01 01 
              00 00 00 
              00 00 00 
              04 FF 7F 
              00 04 00 
              00 00 20 
              FF 7F 02 
              20 02 00 
              00 00 5C 
              1D 01 20 
              59 19 01 
              20 85 19 
              01 20 A9 
              19 01 20 
              F1 18 01 
              20 8D 19 
              01 20 BD 
              1A 01 20 



ARM Macro Assembler    Page 44 


              E5 18 01 
              20 EC 1C 
              01 20 01 
              00 00 00 
              64 1D 01 
              20 59 19 
              01 20 85 
              19 01 20 
              A9 19 01 
              20 F1 18 
              01 20 8D 
              19 01 20 
              BD 1A 01 
              20 E5 18 
              01 20 EC 
              1C 01 20 
              02 00 00 
              00 02 00 
              00 00 FC 
              1C 01 20 
              ED 18 01 
              20 4D 61 
              69 6E 00 
              00 00 00 
              53 65 63 
              6F 6E 64 
              61 72 79 
              00 00 00 
              90 1D 01 
              20 00 00 
              02 20 18 
              00 00 00 
              C0 17 01 
              20 A8 1D 
              01 20 18 
              00 02 20 
              70 00 00 
              00 D0 17 
              01 20 00 
              00 00 00 
              00 00 00 
              00 00 00 
              00 00 00 
              00 00 00 
              00 00 00 
              00 00 00 
              00 00            INCBIN           core1_image.bin
   36 00001DA8         m0_image_end
   37 00001DA8                 END
Command Line: --debug --diag_suppress=9931 --cpu=Cortex-M4.fp --apcs=interwork 
--depend=debug\incbin.d -odebug\incbin.o -I../../cm0plus/mdk/debug -IC:\Users\T
hinkPad\Documents\LPC54114\P-TK-05-2FC-LPC54114\boards\lpcxpresso54114\multicor
e_examples\hello_world__UART0_UART5-2018-06-05\cm4\mdk\RTE\_hello_wor
ld_cm4_Debug -IC:\Keil_v5\ARM\PACK\Keil\LPC54000_DFP\2.2.0\LPCOpen\lpc5411x\chi
p_5411x\inc -IC:\Keil_v5\ARM\CMSIS\Include --predefine="__MICROLIB SETA 1" --pr
edefine="__UVISION_VERSION SETA 522" --predefine="CHIP_LPC5411X SETA 1" --prede
fine="CPU_LPC54114J256_M4 SETA 1" --predefine="DEBUG SETA 1" --predefine="__CC_
ARM SETA 1" --predefine="KEIL SETA 1" --list=.\output\incbin.lst ../incbin.s
